0 info it worked if it ends with ok
1 verbose cli [ '/Users/liuhaibao/.nvm/versions/v4.4.5/bin/node',
1 verbose cli   '/Users/liuhaibao/.nvm/versions/v4.4.5/bin/npm',
1 verbose cli   'start' ]
2 info using npm@4.0.0
3 info using node@v4.4.5
4 verbose run-script [ 'prestart', 'start', 'poststart' ]
5 info lifecycle hubot-webscale@0.0.1~prestart: hubot-webscale@0.0.1
6 silly lifecycle hubot-webscale@0.0.1~prestart: no script for prestart, continuing
7 info lifecycle hubot-webscale@0.0.1~start: hubot-webscale@0.0.1
8 verbose lifecycle hubot-webscale@0.0.1~start: unsafe-perm in lifecycle true
9 verbose lifecycle hubot-webscale@0.0.1~start: PATH: /Users/liuhaibao/.nvm/versions/v4.4.5/lib/node_modules/npm/bin/node-gyp-bin:/Users/liuhaibao/test/hubot-webscale/node_modules/.bin:/Users/liuhaibao/.rvm/gems/ruby-2.1.5@hubot-dabai/bin:/Users/liuhaibao/.rvm/gems/ruby-2.1.5@global/bin:/Users/liuhaibao/.rvm/rubies/ruby-2.1.5/bin:/Users/liuhaibao/.rvm/bin:/Users/liuhaibao/.gvm/bin:/Users/liuhaibao/.nvm/versions/v4.4.5/bin:/Users/liuhaibao/.sdkman/springboot/current/bin:/Users/liuhaibao/.sdkman/gradle/current/bin:/Users/liuhaibao/.gvm/bin:/Users/liuhaibao/.nvm/versions/v4.4.5/bin:/Users/liuhaibao/.gvm/bin:/Users/liuhaibao/.nvm/versions/v0.12.0/bin:/usr/local/bin:/usr/bin:/bin:/usr/sbin:/sbin:/usr/local/git/bin:/Library/Java/JavaVirtualMachines/jdk1.8.0_66.jdk/Contents/Home/bin:/Users/liuhaibao/soft/apache-maven-3.3.9/bin:/Users/liuhaibao/.rvm:/Library/Java/JavaVirtualMachines/jdk1.8.0_66.jdk/Contents/Home/bin:/Users/liuhaibao/soft/apache-maven-3.3.9/bin
10 verbose lifecycle hubot-webscale@0.0.1~start: CWD: /Users/liuhaibao/test/hubot-webscale
11 silly lifecycle hubot-webscale@0.0.1~start: Args: [ '-c', 'bin/hubot' ]
12 info lifecycle hubot-webscale@0.0.1~start: Failed to exec start script
13 verbose stack Error: hubot-webscale@0.0.1 start: `bin/hubot`
13 verbose stack spawn ENOENT
13 verbose stack     at ChildProcess.<anonymous> (/Users/liuhaibao/.nvm/versions/v4.4.5/lib/node_modules/npm/lib/utils/spawn.js:33:16)
13 verbose stack     at emitTwo (events.js:87:13)
13 verbose stack     at ChildProcess.emit (events.js:172:7)
13 verbose stack     at maybeClose (internal/child_process.js:827:16)
13 verbose stack     at Process.ChildProcess._handle.onexit (internal/child_process.js:211:5)
14 verbose pkgid hubot-webscale@0.0.1
15 verbose cwd /Users/liuhaibao/test/hubot-webscale
16 error Darwin 16.1.0
17 error argv "/Users/liuhaibao/.nvm/versions/v4.4.5/bin/node" "/Users/liuhaibao/.nvm/versions/v4.4.5/bin/npm" "start"
18 error node v4.4.5
19 error npm  v4.0.0
20 error file sh
21 error code ELIFECYCLE
22 error errno ENOENT
23 error syscall spawn
24 error hubot-webscale@0.0.1 start: `bin/hubot`
24 error spawn ENOENT
25 error Failed at the hubot-webscale@0.0.1 start script 'bin/hubot'.
25 error Make sure you have the latest version of node.js and npm installed.
25 error If you do, this is most likely a problem with the hubot-webscale package,
25 error not with npm itself.
25 error Tell the author that this fails on your system:
25 error     bin/hubot
25 error You can get information on how to open an issue for this project with:
25 error     npm bugs hubot-webscale
25 error Or if that isn't available, you can get their info via:
25 error     npm owner ls hubot-webscale
25 error There is likely additional logging output above.
26 verbose exit [ 1, true ]
